PROB = 3.551173e-006 (3.551173e-006 + 0.000000e+000,   13, NO INIT)
PROB = 1.021314e-010 (1.021314e-010 + 0.000000e+000,    8, #S1-GIE-GTRN-03)
PROB = 1.065942e-011 (1.065942e-011 + 0.000000e+000,    2, #S1-GIE-GTRN-04)
PROB = 1.365768e-010 (1.365768e-010 + 0.000000e+000,   10, #S1-GIE-GTRN-05)
PROB = 1.072799e-007 (1.072799e-007 + 0.000000e+000,   12, #S1-GIE-GTRN-06)
PROB = 8.612859e-009 (8.612859e-009 + 0.000000e+000,  336, #S1-GIE-LOOP-03)
PROB = 9.123938e-010 (9.123938e-010 + 0.000000e+000,   48, #S1-GIE-LOOP-04)
PROB = 4.940889e-009 (4.940889e-009 + 0.000000e+000,  128, #S1-GIE-LOOP-05)
PROB = 2.394609e-006 (2.394609e-006 + 0.000000e+000,  112, #S1-GIE-LOOP-06)
PROB = 1.265378e-009 (1.265378e-009 + 0.000000e+000,   16, #S1-GIE-SBO-R-10)
PROB = 9.037103e-010 (9.037103e-010 + 0.000000e+000,   54, #S1-GIE-SBO-R-12)
PROB = 7.059020e-011 (7.059020e-011 + 0.000000e+000,    6, #S1-GIE-SBO-S-08)
PROB = 8.614962e-011 (8.614962e-011 + 0.000000e+000,    8, #S1-GIE-SBO-S-10)
PROB = 7.425290e-008 (7.425290e-008 + 0.000000e+000,   10, #S1-GIE-SBO-S-11)
PROB = 5.188634e-008 (5.188634e-008 + 0.000000e+000,   36, #S1-GIE-SBO-S-12)
PROB = 8.601787e-011 (8.601787e-011 + 0.000000e+000,    4, #S1-GIE-SBO-S-18)
PROB = 1.742146e-011 (1.742146e-011 + 0.000000e+000,    2, #S1-GIE-SBO-S-29)
PROB = 2.005104e-011 (2.005104e-011 + 0.000000e+000,    3, #S1-GIE-SBO-S-31)
------------------------------------------------------------------------
FILE INP      = S05\#Result.RAW
FILE OUT      = S05\#Result-g.TXT
FILE LOG      = S05\#Result-g.log
TOP EVENT     = S1-SEIS-CDF
RUN TIME      = 0.0 sec
------------------------------------------------------------------------
MAX BDD SIZE  =    451
TOT MODULE    =      0
NO EVENT      =    131
NO INITIATOR  =     17
NO TOT CUTSET =    808
NO 1ST CUTSET =    808
NO 2ND CUTSET =      0
------------------------------------------------------------------------
Q_BeEAST (A)  = 6.196366e-006, SUM [ Ni * MCUB(Si1, Si2) ]
                6.196366e-006, SUM [ Ni * Si1 ]
                0.000000e+000, SUM [ Ni * MCUB(Si2) ]
Q_MCUB  (B)   = 1.211465e-005, SUM [ Ni * MCUB(Ci1, Ci2, ...) ]
P_MCUB  (C)   = 1.211461e-005, MCUB(C1, C2, ...)
P_REA   (D)   = 1.211468e-005, C1 + C2 + ...
------------------------------------------------------------------------
B/A = 1.9551  (B-A)/A % =  95.51 %  (B-A)/B % =  48.85 %
C/A = 1.9551  (C-A)/A % =  95.51 %  (C-A)/C % =  48.85 %
D/A = 1.9551  (D-A)/A % =  95.51 %  (D-A)/D % =  48.85 %
------------------------------------------------------------------------
