PROB = 1.074536e-007 (1.074536e-007 + 0.000000e+000,   32, #S1-SEISMIC-1)
PROB = 2.442283e-006 (2.442283e-006 + 0.000000e+000,  763, #S1-SEISMIC-2)
PROB = 1.119360e-010 (1.119360e-010 + 0.000000e+000,    2, #S1-SEISMIC-3)
PROB = 3.983585e-008 (3.983585e-008 + 0.000000e+000,    2, #S1-SEISMIC-4)
PROB = 1.043329e-006 (1.043329e-006 + 0.000000e+000,    2, #S1-SEISMIC-5)
PROB = 2.467896e-006 (2.467896e-006 + 0.000000e+000,    7, #S1-SEISMIC-6)
------------------------------------------------------------------------
FILE INP      = S05\#Result.RAW
FILE OUT      = S05\#Result-s.TXT
FILE LOG      = S05\#Result-s.log
TOP EVENT     = S1-SEIS-CDF
RUN TIME      = 0.1 sec
------------------------------------------------------------------------
MAX BDD SIZE  =  12601
TOT MODULE    =      0
NO EVENT      =    131
NO INITIATOR  =      6
NO TOT CUTSET =    808
NO 1ST CUTSET =    808
NO 2ND CUTSET =      0
------------------------------------------------------------------------
Q_BeEAST (A)  = 6.100909e-006, SUM [ Ni * MCUB(Si1, Si2) ]
                6.100909e-006, SUM [ Ni * Si1 ]
                0.000000e+000, SUM [ Ni * MCUB(Si2) ]
Q_MCUB  (B)   = 1.211465e-005, SUM [ Ni * MCUB(Ci1, Ci2, ...) ]
P_MCUB  (C)   = 1.211461e-005, MCUB(C1, C2, ...)
P_REA   (D)   = 1.211468e-005, C1 + C2 + ...
------------------------------------------------------------------------
B/A = 1.9857  (B-A)/A % =  98.57 %  (B-A)/B % =  49.64 %
C/A = 1.9857  (C-A)/A % =  98.57 %  (C-A)/C % =  49.64 %
D/A = 1.9857  (D-A)/A % =  98.57 %  (D-A)/D % =  49.64 %
------------------------------------------------------------------------
