PROB = 6.100909e-006 (6.100909e-006 + 0.000000e+000,  808, NO INIT)
------------------------------------------------------------------------
FILE INP      = S05\#Result.RAW
FILE OUT      = S05\#Result-c.TXT
FILE LOG      = S05\#Result-c.log
TOP EVENT     = S1-SEIS-CDF
RUN TIME      = 0.2 sec
------------------------------------------------------------------------
MAX BDD SIZE  =  12889
TOT MODULE    =      0
NO EVENT      =    131
NO INITIATOR  =      0
NO TOT CUTSET =    808
NO 1ST CUTSET =    808
NO 2ND CUTSET =      0
------------------------------------------------------------------------
Q_BeEAST (A)  = 6.100909e-006, MCUB(S1, S2)
                6.100909e-006, S1
                0.000000e+000, MCUB(S2)
P_MCUB  (B)   = 1.211461e-005, MCUB(C1, C2, ...)
P_REA   (C)   = 1.211468e-005, C1 + C2 + ...
------------------------------------------------------------------------
B/A = 1.9857  (B-A)/A % =  98.57 %  (B-A)/B % =  49.64 %
C/A = 1.9857  (C-A)/A % =  98.57 %  (C-A)/C % =  49.64 %
------------------------------------------------------------------------
