PROB = 2.506016e-006 (2.506016e-006 + 0.000000e+000,   13, NO INIT)
PROB = 2.439235e-008 (2.315700e-008 + 1.235348e-009,  346, #S1-GIE-GTRN-03)
PROB = 2.359798e-009 (2.359798e-009 + 0.000000e+000,   36, #S1-GIE-GTRN-04)
PROB = 2.177184e-008 (2.093365e-008 + 8.381892e-010,  104, #S1-GIE-GTRN-05)
PROB = 1.327799e-005 (1.327799e-005 + 0.000000e+000,   56, #S1-GIE-GTRN-06)
PROB = 7.982391e-011 (7.982391e-011 + 0.000000e+000,   12, #S1-GIE-GTRN-10)
PROB = 5.311303e-008 (5.057996e-008 + 2.533066e-009,  700, #S1-GIE-LOOP-03)
PROB = 5.344207e-009 (5.255373e-009 + 8.883406e-011,   68, #S1-GIE-LOOP-04)
PROB = 3.054461e-008 (2.833292e-008 + 2.211690e-009,  276, #S1-GIE-LOOP-05)
PROB = 1.328484e-005 (1.328469e-005 + 1.575617e-010,  193, #S1-GIE-LOOP-06)
PROB = 7.215134e-009 (7.074493e-009 + 1.406410e-010,   28, #S1-GIE-SBO-R-10)
PROB = 5.099408e-009 (5.099408e-009 + 0.000000e+000,    4, #S1-GIE-SBO-R-11)
PROB = 5.338996e-009 (5.231995e-009 + 1.070009e-010,   92, #S1-GIE-SBO-R-12)
PROB = 6.915294e-011 (6.915294e-011 + 0.000000e+000,   12, #S1-GIE-SBO-R-27)
PROB = 1.092427e-008 (1.092427e-008 + 0.000000e+000,    4, #S1-GIE-SBO-S-11)
PROB = 9.518766e-009 (9.412709e-009 + 1.060570e-010,   56, #S1-GIE-SBO-S-12)
PROB = 4.852942e-011 (0.000000e+000 + 4.852942e-011,    0, #S1-GIE-SBO-S-18)
------------------------------------------------------------------------
FILE INP      = S03\#Result.RAW
FILE OUT      = S03\#Result-g.TXT
FILE LOG      = S03\#Result-g.log
TOP EVENT     = S1-SEIS-CDF
RUN TIME      = 0.0 sec
------------------------------------------------------------------------
MAX BDD SIZE  =    337
TOT MODULE    =      0
NO EVENT      =    202
NO INITIATOR  =     16
NO TOT CUTSET =   2585
NO 1ST CUTSET =   2000 (2002 RECOMMENDED)
NO 2ND CUTSET =    585
------------------------------------------------------------------------
Q_BeEAST (A)  = 2.924467e-005, SUM [ Ni * MCUB(Si1, Si2) ]
                2.923720e-005, SUM [ Ni * Si1 ]
                7.466916e-009, SUM [ Ni * MCUB(Si2) ]
Q_MCUB  (B)   = 1.059136e-004, SUM [ Ni * MCUB(Ci1, Ci2, ...) ]
P_MCUB  (C)   = 1.059106e-004, MCUB(C1, C2, ...)
P_REA   (D)   = 1.059156e-004, C1 + C2 + ...
------------------------------------------------------------------------
B/A = 3.6216  (B-A)/A % = 262.16 %  (B-A)/B % =  72.39 %
C/A = 3.6215  (C-A)/A % = 262.15 %  (C-A)/C % =  72.39 %
D/A = 3.6217  (D-A)/A % = 262.17 %  (D-A)/D % =  72.39 %
------------------------------------------------------------------------
