PROB = 1.331240e-005 (1.331033e-005 + 2.073537e-009,  554, #S1-SEISMIC-1)
PROB = 1.336340e-005 (1.335801e-005 + 5.393379e-009, 1433, #S1-SEISMIC-2)
PROB = 1.003565e-010 (1.003565e-010 + 0.000000e+000,    2, #S1-SEISMIC-3)
PROB = 6.506096e-009 (6.506096e-009 + 0.000000e+000,    2, #S1-SEISMIC-4)
PROB = 9.617874e-007 (9.617874e-007 + 0.000000e+000,    2, #S1-SEISMIC-5)
PROB = 1.537622e-006 (1.537622e-006 + 0.000000e+000,    7, #S1-SEISMIC-6)
------------------------------------------------------------------------
FILE INP      = S03\#Result.RAW
FILE OUT      = S03\#Result-s.TXT
FILE LOG      = S03\#Result-s.log
TOP EVENT     = S1-SEIS-CDF
RUN TIME      = 0.1 sec
------------------------------------------------------------------------
MAX BDD SIZE  =   4819
TOT MODULE    =      0
NO EVENT      =    202
NO INITIATOR  =      6
NO TOT CUTSET =   2585
NO 1ST CUTSET =   2000 (2002 RECOMMENDED)
NO 2ND CUTSET =    585
------------------------------------------------------------------------
Q_BeEAST (A)  = 2.918182e-005, SUM [ Ni * MCUB(Si1, Si2) ]
                2.917435e-005, SUM [ Ni * Si1 ]
                7.466916e-009, SUM [ Ni * MCUB(Si2) ]
Q_MCUB  (B)   = 1.059136e-004, SUM [ Ni * MCUB(Ci1, Ci2, ...) ]
P_MCUB  (C)   = 1.059106e-004, MCUB(C1, C2, ...)
P_REA   (D)   = 1.059156e-004, C1 + C2 + ...
------------------------------------------------------------------------
B/A = 3.6294  (B-A)/A % = 262.94 %  (B-A)/B % =  72.45 %
C/A = 3.6293  (C-A)/A % = 262.93 %  (C-A)/C % =  72.45 %
D/A = 3.6295  (D-A)/A % = 262.95 %  (D-A)/D % =  72.45 %
------------------------------------------------------------------------
