PROB = 2.918182e-005 (2.917435e-005 + 7.466916e-009, 2000, NO INIT)
------------------------------------------------------------------------
FILE INP      = S03\#Result.RAW
FILE OUT      = S03\#Result-c.TXT
FILE LOG      = S03\#Result-c.log
TOP EVENT     = S1-SEIS-CDF
RUN TIME      = 0.2 sec
------------------------------------------------------------------------
MAX BDD SIZE  =   5418
TOT MODULE    =      0
NO EVENT      =    202
NO INITIATOR  =      0
NO TOT CUTSET =   2585
NO 1ST CUTSET =   2000 (2002 RECOMMENDED)
NO 2ND CUTSET =    585
------------------------------------------------------------------------
Q_BeEAST (A)  = 2.918182e-005, MCUB(S1, S2)
                2.917435e-005, S1
                7.466916e-009, MCUB(S2)
P_MCUB  (B)   = 1.059106e-004, MCUB(C1, C2, ...)
P_REA   (C)   = 1.059156e-004, C1 + C2 + ...
------------------------------------------------------------------------
B/A = 3.6293  (B-A)/A % = 262.93 %  (B-A)/B % =  72.45 %
C/A = 3.6295  (C-A)/A % = 262.95 %  (C-A)/C % =  72.45 %
------------------------------------------------------------------------
