---------------------------------------------------------------------------
 FTREX INFORMATION
---------------------------------------------------------------------------
 FTREX version 1.9.0.3 KAERI (32 BIT, JUL 20, 2018)
---------------------------------------------------------------------------
 FTREX RUNNING MESSAGE
---------------------------------------------------------------------------
 [A].    0.12 sec.  MCS # =           0 (Read FT)
---------------------------------------------------------------------------
 DUPLICATED EVENTS IN THE FAULT TREE
---------------------------------------------------------------------------
 NOT FOUND
---------------------------------------------------------------------------
 EVENTS THAT HAVE NO DEFINED TYPE AND PROB (TYPE=EVENT, PROB=0 by /ASSP=0)
---------------------------------------------------------------------------
 NOT FOUND
---------------------------------------------------------------------------
 FAULT TREE INFORMATION OF [###gen.kir]
---------------------------------------------------------------------------
 INPUT  FILE      = ###gen.kir
 OUTPUT FILE      = ###gen.Raw
 TOP EVENT      # = 1 (TOP ...)
 TRUNCATION ORDER =           0
 TRUNCATION LIMIT = 1.0000e-011
 GATE           # =           6
 EVENT          # =           5
-GATE           # =           0
-EVENT          # =           0
 EVENT (P=1)    # =           0
 EVENT (P>1)    # =           0
 EVENT (F=1)    # =           0
 EVENT (F>1)    # =           0
 EVENT INIT.    # =           0
 EVENT TRUE     # =           0
 EVENT FALSE    # =           0
 EVENT IGNORE   # =           0
 EVENT DISJOINT # =           0
 EVENT FLAG     # =           0
 EVENT RECOVERY # =           0
 GATE  (KOON)   # =           0
 TOP EVENT        = TOP
---------------------------------------------------------------------------
 FTREX RUNNING MESSAGE
---------------------------------------------------------------------------
---------------------------------------------------------------------------
 CONVERTED GATES DUE TO NEGATES OR COMPLEMENTARY EVENTS
---------------------------------------------------------------------------
---------------------------------------------------------------------------
 FTREX COMMAND LINE
---------------------------------------------------------------------------
 C:\Program Files (x86)\R&R\Common Files\FTREX.exe ###gen.kir ###gen.Raw /ASSP=0 /SEQ=0
---------------------------------------------------------------------------
 FTREX PROGRESS
---------------------------------------------------------------------------
 [B].    0.14 sec.  MCS # =           0 (Check logical loops)
 [C].    0.15 sec.  MCS # =           0 (Restructure FT)
 [D].    0.15 sec.  MCS # =           0 (Find modules)
 [E].    0.15 sec.  MCS # =           0 (Solve top event)
                      3  +
                      3  +
 [F].    0.17 sec.  MCS # =           4 (TOP Write MCSs)
---------------------------------------------------------------------------
 FTREX CALCULATION SUMMARY
---------------------------------------------------------------------------
 TOP EVENT        = TOP
 TRUNCATION       = 1.0000e-011
 PROB (SUM)       = 6.0000e-001 (6.000000e-001)
 PROB (MCUB)      = 4.7799e-001 (4.779938e-001)
 CUTSET #         =           4

 BYTES REMAINING  = 0.0000e+000 MBytes
 BYTES USED PEAK  = 1.1824e+001 MBytes
