PROB = 1.324514e-006 (1.324514e-006 + 0.000000e+000,   12, NO INIT)
PROB = 1.193645e-011 (1.193645e-011 + 0.000000e+000,    1, #S1-GIE-LOOP-03)
PROB = 1.193645e-011 (1.193645e-011 + 0.000000e+000,    1, #S1-GIE-LOOP-05)
PROB = 1.710628e-008 (1.710628e-008 + 0.000000e+000,    2, #S1-GIE-LOOP-06)
PROB = 5.556235e-009 (5.556235e-009 + 0.000000e+000,    1, #S1-GIE-SBO-S-11)
PROB = 3.864725e-009 (3.864725e-009 + 0.000000e+000,    4, #S1-GIE-SBO-S-12)
------------------------------------------------------------------------
FILE INP      = S09\#Result.RAW
FILE OUT      = S09\#Result-g.TXT
FILE LOG      = S09\#Result-g.log
TOP EVENT     = S1-SEIS-CDF
RUN TIME      = 0.0 sec
------------------------------------------------------------------------
MAX BDD SIZE  =     23
TOT MODULE    =      0
NO EVENT      =     30
NO INITIATOR  =      5
NO TOT CUTSET =     21
NO 1ST CUTSET =     21
NO 2ND CUTSET =      0
------------------------------------------------------------------------
Q_BeEAST (A)  = 1.351065e-006, SUM [ Ni * MCUB(Si1, Si2) ]
                1.351065e-006, SUM [ Ni * Si1 ]
                0.000000e+000, SUM [ Ni * MCUB(Si2) ]
Q_MCUB  (B)   = 1.936586e-006, SUM [ Ni * MCUB(Ci1, Ci2, ...) ]
P_MCUB  (C)   = 1.936586e-006, MCUB(C1, C2, ...)
P_REA   (D)   = 1.936587e-006, C1 + C2 + ...
------------------------------------------------------------------------
B/A = 1.4334  (B-A)/A % =  43.34 %  (B-A)/B % =  30.23 %
C/A = 1.4334  (C-A)/A % =  43.34 %  (C-A)/C % =  30.23 %
D/A = 1.4334  (D-A)/A % =  43.34 %  (D-A)/D % =  30.23 %
------------------------------------------------------------------------
