PROB = 5.230000e-007 (5.230000e-007 + 0.000000e+000,    1, NO INIT)
PROB = 1.981589e-008 (1.981589e-008 + 0.000000e+000,    9, #S1-SEISMIC-2)
PROB = 7.289510e-009 (7.289510e-009 + 0.000000e+000,    2, #S1-SEISMIC-4)
PROB = 6.621914e-008 (6.621914e-008 + 0.000000e+000,    2, #S1-SEISMIC-5)
PROB = 7.280056e-007 (7.280056e-007 + 0.000000e+000,    7, #S1-SEISMIC-6)
------------------------------------------------------------------------
FILE INP      = S09\#Result.RAW
FILE OUT      = S09\#Result-s.TXT
FILE LOG      = S09\#Result-s.log
TOP EVENT     = S1-SEIS-CDF
RUN TIME      = 0.0 sec
------------------------------------------------------------------------
MAX BDD SIZE  =     41
TOT MODULE    =      0
NO EVENT      =     30
NO INITIATOR  =      4
NO TOT CUTSET =     21
NO 1ST CUTSET =     21
NO 2ND CUTSET =      0
------------------------------------------------------------------------
Q_BeEAST (A)  = 1.344330e-006, SUM [ Ni * MCUB(Si1, Si2) ]
                1.344330e-006, SUM [ Ni * Si1 ]
                0.000000e+000, SUM [ Ni * MCUB(Si2) ]
Q_MCUB  (B)   = 1.936587e-006, SUM [ Ni * MCUB(Ci1, Ci2, ...) ]
P_MCUB  (C)   = 1.936586e-006, MCUB(C1, C2, ...)
P_REA   (D)   = 1.936587e-006, C1 + C2 + ...
------------------------------------------------------------------------
B/A = 1.4406  (B-A)/A % =  44.06 %  (B-A)/B % =  30.58 %
C/A = 1.4406  (C-A)/A % =  44.06 %  (C-A)/C % =  30.58 %
D/A = 1.4406  (D-A)/A % =  44.06 %  (D-A)/D % =  30.58 %
------------------------------------------------------------------------
