PROB = 1.344330e-006 (1.344330e-006 + 0.000000e+000,   21, NO INIT)
------------------------------------------------------------------------
FILE INP      = S09\#Result.RAW
FILE OUT      = S09\#Result-c.TXT
FILE LOG      = S09\#Result-c.log
TOP EVENT     = S1-SEIS-CDF
RUN TIME      = 0.0 sec
------------------------------------------------------------------------
MAX BDD SIZE  =     53
TOT MODULE    =      0
NO EVENT      =     30
NO INITIATOR  =      0
NO TOT CUTSET =     21
NO 1ST CUTSET =     21
NO 2ND CUTSET =      0
------------------------------------------------------------------------
Q_BeEAST (A)  = 1.344330e-006, MCUB(S1, S2)
                1.344330e-006, S1
                0.000000e+000, MCUB(S2)
P_MCUB  (B)   = 1.936586e-006, MCUB(C1, C2, ...)
P_REA   (C)   = 1.936587e-006, C1 + C2 + ...
------------------------------------------------------------------------
B/A = 1.4406  (B-A)/A % =  44.06 %  (B-A)/B % =  30.58 %
C/A = 1.4406  (C-A)/A % =  44.06 %  (C-A)/C % =  30.58 %
------------------------------------------------------------------------
