PROB = 1.948327e-006 (1.948327e-006 + 0.000000e+000,   12, NO INIT)
PROB = 6.269312e-010 (6.269312e-010 + 0.000000e+000,   45, #S1-GIE-LOOP-03)
PROB = 5.674966e-011 (5.674966e-011 + 0.000000e+000,    6, #S1-GIE-LOOP-04)
PROB = 3.996418e-010 (3.996418e-010 + 0.000000e+000,   20, #S1-GIE-LOOP-05)
PROB = 2.334942e-007 (2.334942e-007 + 0.000000e+000,   24, #S1-GIE-LOOP-06)
PROB = 1.114213e-010 (1.114213e-010 + 0.000000e+000,    5, #S1-GIE-SBO-R-10)
PROB = 3.415980e-011 (3.415980e-011 + 0.000000e+000,    3, #S1-GIE-SBO-R-12)
PROB = 2.414740e-011 (2.414740e-011 + 0.000000e+000,    2, #S1-GIE-SBO-S-08)
PROB = 4.016147e-011 (4.016147e-011 + 0.000000e+000,    4, #S1-GIE-SBO-S-10)
PROB = 3.466923e-008 (3.466923e-008 + 0.000000e+000,    5, #S1-GIE-SBO-S-11)
PROB = 2.409525e-008 (2.409525e-008 + 0.000000e+000,    4, #S1-GIE-SBO-S-12)
PROB = 4.010005e-011 (4.010005e-011 + 0.000000e+000,    2, #S1-GIE-SBO-S-18)
------------------------------------------------------------------------
FILE INP      = S07\#Result.RAW
FILE OUT      = S07\#Result-g.TXT
FILE LOG      = S07\#Result-g.log
TOP EVENT     = S1-SEIS-CDF
RUN TIME      = 0.0 sec
------------------------------------------------------------------------
MAX BDD SIZE  =     65
TOT MODULE    =      0
NO EVENT      =     78
NO INITIATOR  =     11
NO TOT CUTSET =    132
NO 1ST CUTSET =    132
NO 2ND CUTSET =      0
------------------------------------------------------------------------
Q_BeEAST (A)  = 2.241919e-006, SUM [ Ni * MCUB(Si1, Si2) ]
                2.241919e-006, SUM [ Ni * Si1 ]
                0.000000e+000, SUM [ Ni * MCUB(Si2) ]
Q_MCUB  (B)   = 3.152655e-006, SUM [ Ni * MCUB(Ci1, Ci2, ...) ]
P_MCUB  (C)   = 3.152654e-006, MCUB(C1, C2, ...)
P_REA   (D)   = 3.152658e-006, C1 + C2 + ...
------------------------------------------------------------------------
B/A = 1.4062  (B-A)/A % =  40.62 %  (B-A)/B % =  28.89 %
C/A = 1.4062  (C-A)/A % =  40.62 %  (C-A)/C % =  28.89 %
D/A = 1.4062  (D-A)/A % =  40.62 %  (D-A)/D % =  28.89 %
------------------------------------------------------------------------
