PROB = 2.511373e-007 (2.511373e-007 + 0.000000e+000,  120, #S1-SEISMIC-2)
PROB = 3.274200e-011 (3.274200e-011 + 0.000000e+000,    1, #S1-SEISMIC-3)
PROB = 2.900164e-008 (2.900164e-008 + 0.000000e+000,    2, #S1-SEISMIC-4)
PROB = 3.532162e-007 (3.532162e-007 + 0.000000e+000,    2, #S1-SEISMIC-5)
PROB = 1.566076e-006 (1.566076e-006 + 0.000000e+000,    7, #S1-SEISMIC-6)
------------------------------------------------------------------------
FILE INP      = S07\#Result.RAW
FILE OUT      = S07\#Result-s.TXT
FILE LOG      = S07\#Result-s.log
TOP EVENT     = S1-SEIS-CDF
RUN TIME      = 0.0 sec
------------------------------------------------------------------------
MAX BDD SIZE  =   1192
TOT MODULE    =      0
NO EVENT      =     78
NO INITIATOR  =      5
NO TOT CUTSET =    132
NO 1ST CUTSET =    132
NO 2ND CUTSET =      0
------------------------------------------------------------------------
Q_BeEAST (A)  = 2.199464e-006, SUM [ Ni * MCUB(Si1, Si2) ]
                2.199464e-006, SUM [ Ni * Si1 ]
                0.000000e+000, SUM [ Ni * MCUB(Si2) ]
Q_MCUB  (B)   = 3.152656e-006, SUM [ Ni * MCUB(Ci1, Ci2, ...) ]
P_MCUB  (C)   = 3.152654e-006, MCUB(C1, C2, ...)
P_REA   (D)   = 3.152658e-006, C1 + C2 + ...
------------------------------------------------------------------------
B/A = 1.4334  (B-A)/A % =  43.34 %  (B-A)/B % =  30.23 %
C/A = 1.4334  (C-A)/A % =  43.34 %  (C-A)/C % =  30.23 %
D/A = 1.4334  (D-A)/A % =  43.34 %  (D-A)/D % =  30.23 %
------------------------------------------------------------------------
