PROB = 2.199464e-006 (2.199464e-006 + 0.000000e+000,  132, NO INIT)
------------------------------------------------------------------------
FILE INP      = S07\#Result.RAW
FILE OUT      = S07\#Result-c.TXT
FILE LOG      = S07\#Result-c.log
TOP EVENT     = S1-SEIS-CDF
RUN TIME      = 0.0 sec
------------------------------------------------------------------------
MAX BDD SIZE  =   1209
TOT MODULE    =      0
NO EVENT      =     78
NO INITIATOR  =      0
NO TOT CUTSET =    132
NO 1ST CUTSET =    132
NO 2ND CUTSET =      0
------------------------------------------------------------------------
Q_BeEAST (A)  = 2.199464e-006, MCUB(S1, S2)
                2.199464e-006, S1
                0.000000e+000, MCUB(S2)
P_MCUB  (B)   = 3.152654e-006, MCUB(C1, C2, ...)
P_REA   (C)   = 3.152658e-006, C1 + C2 + ...
------------------------------------------------------------------------
B/A = 1.4334  (B-A)/A % =  43.34 %  (B-A)/B % =  30.23 %
C/A = 1.4334  (C-A)/A % =  43.34 %  (C-A)/C % =  30.23 %
------------------------------------------------------------------------
