---------------------------------------------------------------------------
 FTREX INFORMATION
---------------------------------------------------------------------------
 FTREX version 1.9.0.8 KAERI (64 BIT, APR 17, 2019)
---------------------------------------------------------------------------
 FTREX RUNNING MESSAGE
---------------------------------------------------------------------------

 [A].    0.04 sec.  MCS # =           0 (Read FT)
---------------------------------------------------------------------------
 INITIATORS THAT ARE NOT DEFINED IN THE DATA BLOCK
---------------------------------------------------------------------------
 NOT FOUND
---------------------------------------------------------------------------
 DUPLICATED EVENTS IN THE FAULT TREE
---------------------------------------------------------------------------
 NOT FOUND
---------------------------------------------------------------------------
 EVENTS THAT HAVE NO DEFINED TYPE AND PROB (TYPE=EVENT, PROB=0 by /ASSP=0)
---------------------------------------------------------------------------
 NOT FOUND
---------------------------------------------------------------------------
 FAULT TREE INFORMATION OF [###gen.kir]
---------------------------------------------------------------------------

 INPUT  FILE      = ###gen.kir
 OUTPUT FILE      = #S10.S1-SEIS-CDF.raw
 TOP EVENT      # = 1 (S1-SEIS-CDF ...)
 TRUNCATION ORDER =           0
 TRUNCATION LIMIT = 1.0000e-011
 GATE           # =           2
 EVENT          # =           2
-GATE           # =           0
-EVENT          # =           0
 EVENT (P=1)    # =           1
 EVENT (P>1)    # =           0
 EVENT (F=1)    # =           0
 EVENT (F>1)    # =           0
 EVENT INIT.    # =           1 (MAX = 5.2300e-007)
 EVENT TRUE     # =           0
 EVENT FALSE    # =           0
 EVENT IGNORE   # =           0
 EVENT DISJOINT # =           0
 EVENT FLAG     # =           0
 EVENT RECOVERY # =           0
 GATE  (KOON)   # =           0
 GATE  (XNEG)   # =           0
 GATE  (LDEL)   # =           0

 TOP EVENT        = S1-SEIS-CDF
 INITIATING EVENT = 5.2300e-007 %SEIS
 EVENT (P=1)      = 1.0000e+000 #S1-SEIS-CDF-1
---------------------------------------------------------------------------
 FTREX RUNNING MESSAGE
---------------------------------------------------------------------------
---------------------------------------------------------------------------
 CONVERTED GATES DUE TO NEGATES OR COMPLEMENTARY EVENTS
---------------------------------------------------------------------------
---------------------------------------------------------------------------
 FTREX COMMAND LINE
---------------------------------------------------------------------------
 C:\Program Files (x86)\Ftrex\FTREX.exe ###gen.kir #S10.S1-SEIS-CDF.raw /ASSP=0 /SEQ=0
---------------------------------------------------------------------------
 FTREX PROGRESS
---------------------------------------------------------------------------
 [B].    0.07 sec.  MCS # =           0 (Check logical loops)
 [C].    0.07 sec.  MCS # =           0 (Restructure FT)
 [D].    0.07 sec.  MCS # =           0 (Solve top event)
                      1  +
 [E].    0.07 sec.  MCS # =           1 (S1-SEIS-CDF Expand module 2)
 [F].    0.08 sec.  MCS # =           1 (S1-SEIS-CDF Expand module 1)
 [G].    0.08 sec.  MCS # =           1 (S1-SEIS-CDF Write MCSs)
---------------------------------------------------------------------------
 FTREX CALCULATION SUMMARY
---------------------------------------------------------------------------
 TOP EVENT        = S1-SEIS-CDF
 TRUNCATION       = 1.0000e-011
 PROB (SUM)       = 5.2300e-007 (5.230000e-007)
 PROB (MCUB)      = 5.2300e-007 (5.230000e-007)
 CUTSET #         =           1

 BYTES REMAINING  = 0.0000e+000 MBytes
 BYTES USED PEAK  = 8.3516e+000 MBytes

