Component	Acceleration	5%_PF	50%_PF	95%_PF	Mean_PF
00000_SLOOP	1.500E-01	1.69224E-06	8.14485E-04	4.89270E-02	9.86861E-03
00000_SLOOP	3.000E-01	6.74153E-02	5.00000E-01	9.32585E-01	5.00000E-01
00000_SLOOP	5.000E-01	7.95772E-01	9.89882E-01	9.99933E-01	9.57110E-01
00000_SLOOP	7.000E-01	9.90764E-01	9.99941E-01	1.00000E+00	9.97812E-01
00000_SLOOP	9.000E-01	9.99766E-01	1.00000E+00	1.00000E+00	9.99890E-01
00001_SDGSF	1.500E-01	4.04419E-11	1.20422E-08	1.57658E-06	5.55683E-07
00001_SDGSF	3.000E-01	4.09264E-06	1.99234E-04	4.37188E-03	9.96823E-04
00001_SDGSF	5.000E-01	1.54896E-03	2.07416E-02	1.31467E-01	3.75673E-02
00001_SDGSF	7.000E-01	2.45210E-02	1.47079E-01	4.48338E-01	1.79897E-01
00001_SDGSF	9.000E-01	1.09523E-01	3.78325E-01	7.28837E-01	3.93384E-01
00002_SSWRC	1.500E-01	9.62403E-11	1.16556E-06	1.04367E-03	4.20070E-04
00002_SSWRC	3.000E-01	3.48862E-05	9.84490E-03	2.45930E-01	4.95616E-02
00002_SSWRC	5.000E-01	1.33597E-02	2.84088E-01	8.58614E-01	3.43263E-01
00002_SSWRC	7.000E-01	1.45634E-01	7.22240E-01	9.87270E-01	6.61605E-01
00002_SSWRC	9.000E-01	4.25147E-01	9.27319E-01	9.99036E-01	8.48407E-01
00003_SSWSF	1.500E-01	1.22327E-12	4.12727E-08	1.00952E-04	7.49802E-05
00003_SSWSF	3.000E-01	4.65042E-07	5.55044E-04	5.30282E-02	1.05582E-02
00003_SSWSF	5.000E-01	3.92648E-04	4.33496E-02	4.72806E-01	1.12885E-01
00003_SSWSF	7.000E-01	9.68551E-03	2.44011E-01	8.29298E-01	3.11943E-01
00003_SSWSF	9.000E-01	5.74261E-02	5.27147E-01	9.56639E-01	5.19203E-01
00004_SLCRC	1.500E-01	4.33687E-12	1.09701E-07	2.02162E-04	1.24009E-04
00004_SLCRC	3.000E-01	3.14407E-06	2.04194E-03	1.09957E-01	2.11512E-02
00004_SLCRC	5.000E-01	2.44867E-03	1.21231E-01	6.82962E-01	2.04259E-01
00004_SLCRC	7.000E-01	4.53100E-02	4.81144E-01	9.44931E-01	4.86664E-01
00004_SLCRC	9.000E-01	1.96436E-01	7.85362E-01	9.92560E-01	7.11892E-01
00005_SLCSF	1.500E-01	7.01754E-14	4.43208E-09	2.01032E-05	2.38446E-05
00005_SLCSF	3.000E-01	4.22306E-08	1.02621E-04	1.93378E-02	4.33096E-03
00005_SLCSF	5.000E-01	5.78882E-05	1.35509E-02	2.85971E-01	5.90569E-02
00005_SLCSF	7.000E-01	2.08322E-03	1.11152E-01	6.64374E-01	1.94077E-01
00005_SLCSF	9.000E-01	1.67468E-02	3.15165E-01	8.77705E-01	3.66814E-01
00006_SMCSF	1.500E-01	2.69898E-17	8.31974E-12	1.80953E-07	9.63994E-07
00006_SMCSF	3.000E-01	1.15619E-10	1.33851E-06	1.14685E-03	4.51260E-04
00006_SMCSF	5.000E-01	6.60438E-07	7.07110E-04	6.09462E-02	1.20073E-02
00006_SMCSF	7.000E-01	5.97956E-05	1.38288E-02	2.88677E-01	5.97203E-02
00006_SMCSF	9.000E-01	9.42420E-04	7.17407E-02	5.72171E-01	1.50460E-01
00007_SBCSF	1.500E-01	2.95345E-21	1.77314E-14	4.16538E-09	1.81065E-07
00007_SBCSF	3.000E-01	1.26632E-12	1.07157E-07	3.73851E-04	2.48083E-04
00007_SBCSF	5.000E-01	8.02809E-08	3.07393E-04	5.36995E-02	1.07253E-02
00007_SBCSF	7.000E-01	2.25403E-05	1.17638E-02	3.26447E-01	6.41515E-02
00007_SBCSF	9.000E-01	6.56401E-04	8.10332E-02	6.61608E-01	1.73894E-01
00008_SDCSF	1.500E-01	3.70366E-19	8.71822E-13	8.09105E-08	1.08656E-06
00008_SDCSF	3.000E-01	4.63396E-11	1.55496E-06	2.19690E-03	8.69344E-04
00008_SDCSF	5.000E-01	1.19693E-06	1.85420E-03	1.38531E-01	2.56645E-02
00008_SDCSF	7.000E-01	1.87759E-04	4.07799E-02	5.29218E-01	1.21083E-01
00008_SDCSF	9.000E-01	3.57136E-03	1.90758E-01	8.26367E-01	2.78384E-01
00009_SIRSF	1.500E-01	6.75016E-17	1.25657E-11	1.92607E-07	8.41722E-07
00009_SIRSF	3.000E-01	2.32614E-10	1.79394E-06	1.19293E-03	4.41745E-04
00009_SIRSF	5.000E-01	1.13384E-06	8.69573E-04	6.23886E-02	1.23166E-02
00009_SIRSF	7.000E-01	9.26147E-05	1.61017E-02	2.92738E-01	6.21503E-02
00009_SIRSF	9.000E-01	1.35348E-03	8.03505E-02	5.76817E-01	1.57072E-01
00010_SINSF	1.500E-01	4.39725E-22	3.76781E-15	1.26009E-09	8.88998E-08
00010_SINSF	3.000E-01	3.01060E-13	3.62242E-08	1.78505E-04	1.49523E-04
00010_SINSF	5.000E-01	2.68604E-08	1.45309E-04	3.52634E-02	7.48165E-03
00010_SINSF	7.000E-01	9.41695E-06	6.88374E-03	2.58407E-01	4.90499E-02
00010_SINSF	9.000E-01	3.22816E-04	5.51694E-02	5.86417E-01	1.41816E-01
00011_SICPB	1.500E-01	5.80949E-21	8.25265E-15	8.17620E-10	2.86153E-08
00011_SICPB	3.000E-01	1.19460E-12	4.05210E-08	9.96353E-05	7.42748E-05
00011_SICPB	5.000E-01	5.57543E-08	1.25107E-04	2.18380E-02	4.80641E-03
00011_SICPB	7.000E-01	1.42382E-05	5.53523E-03	1.85230E-01	3.62169E-02
00011_SICPB	9.000E-01	4.07564E-04	4.43072E-02	4.76915E-01	1.14289E-01
00012_SITSF	1.500E-01	5.87305E-13	1.80275E-08	4.61486E-05	3.90691E-05
00012_SITSF	3.000E-01	1.09223E-07	1.69347E-04	2.35952E-02	5.09181E-03
00012_SITSF	5.000E-01	8.36236E-05	1.52018E-02	2.85823E-01	6.03138E-02
00012_SITSF	7.000E-01	2.33243E-03	1.09321E-01	6.43942E-01	1.88886E-01
00012_SITSF	9.000E-01	1.65358E-02	2.97345E-01	8.57040E-01	3.51424E-01
00013_PCSSF	1.500E-01	4.14356E-12	8.15958E-08	1.36032E-04	8.56442E-05
00013_PCSSF	3.000E-01	8.14082E-07	6.91082E-04	5.45917E-02	1.08644E-02
00013_PCSSF	5.000E-01	4.96686E-04	4.49504E-02	4.60392E-01	1.11810E-01
00013_PCSSF	7.000E-01	1.06458E-02	2.40002E-01	8.13315E-01	3.06139E-01
00013_PCSSF	9.000E-01	5.89542E-02	5.13108E-01	9.48379E-01	5.09407E-01
00014_SDGSF_A	1.500E-01	4.04419E-11	1.20422E-08	1.57658E-06	5.55683E-07
00014_SDGSF_A	3.000E-01	4.09264E-06	1.99234E-04	4.37188E-03	9.96823E-04
00014_SDGSF_A	5.000E-01	1.54896E-03	2.07416E-02	1.31467E-01	3.75673E-02
00014_SDGSF_A	7.000E-01	2.45210E-02	1.47079E-01	4.48338E-01	1.79897E-01
00014_SDGSF_A	9.000E-01	1.09523E-01	3.78325E-01	7.28837E-01	3.93384E-01
00015_SDGSF_B	1.500E-01	4.04419E-11	1.20422E-08	1.57658E-06	5.55683E-07
00015_SDGSF_B	3.000E-01	4.09264E-06	1.99234E-04	4.37188E-03	9.96823E-04
00015_SDGSF_B	5.000E-01	1.54896E-03	2.07416E-02	1.31467E-01	3.75673E-02
00015_SDGSF_B	7.000E-01	2.45210E-02	1.47079E-01	4.48338E-01	1.79897E-01
00015_SDGSF_B	9.000E-01	1.09523E-01	3.78325E-01	7.28837E-01	3.93384E-01
00016_E-MC04A	1.500E-01	2.69898E-17	8.31974E-12	1.80953E-07	9.63994E-07
00016_E-MC04A	3.000E-01	1.15619E-10	1.33851E-06	1.14685E-03	4.51260E-04
00016_E-MC04A	5.000E-01	6.60438E-07	7.07110E-04	6.09462E-02	1.20073E-02
00016_E-MC04A	7.000E-01	5.97956E-05	1.38288E-02	2.88677E-01	5.97203E-02
00016_E-MC04A	9.000E-01	9.42420E-04	7.17407E-02	5.72171E-01	1.50460E-01
00017_E-MC04B	1.500E-01	2.69898E-17	8.31974E-12	1.80953E-07	9.63994E-07
00017_E-MC04B	3.000E-01	1.15619E-10	1.33851E-06	1.14685E-03	4.51260E-04
00017_E-MC04B	5.000E-01	6.60438E-07	7.07110E-04	6.09462E-02	1.20073E-02
00017_E-MC04B	7.000E-01	5.97956E-05	1.38288E-02	2.88677E-01	5.97203E-02
00017_E-MC04B	9.000E-01	9.42420E-04	7.17407E-02	5.72171E-01	1.50460E-01
00018_E-IN01C	1.500E-01	4.39725E-22	3.76781E-15	1.26009E-09	8.88998E-08
00018_E-IN01C	3.000E-01	3.01060E-13	3.62242E-08	1.78505E-04	1.49523E-04
00018_E-IN01C	5.000E-01	2.68604E-08	1.45309E-04	3.52634E-02	7.48165E-03
00018_E-IN01C	7.000E-01	9.41695E-06	6.88374E-03	2.58407E-01	4.90499E-02
00018_E-IN01C	9.000E-01	3.22816E-04	5.51694E-02	5.86417E-01	1.41816E-01
00019_E-IN01D	1.500E-01	4.39725E-22	3.76781E-15	1.26009E-09	8.88998E-08
00019_E-IN01D	3.000E-01	3.01060E-13	3.62242E-08	1.78505E-04	1.49523E-04
00019_E-IN01D	5.000E-01	2.68604E-08	1.45309E-04	3.52634E-02	7.48165E-03
00019_E-IN01D	7.000E-01	9.41695E-06	6.88374E-03	2.58407E-01	4.90499E-02
00019_E-IN01D	9.000E-01	3.22816E-04	5.51694E-02	5.86417E-01	1.41816E-01
