c:\users\임학규\desktop\xaigo\debug\aigo.lib
c:\users\임학규\desktop\xaigo\debug\aigo.exp
c:\users\임학규\desktop\xaigo\aigo\debug\aigo.pch
c:\users\임학규\desktop\xaigo\aigo\debug\vc141.pdb
c:\users\임학규\desktop\xaigo\aigo\debug\vc141.idb
c:\users\임학규\desktop\xaigo\aigo\debug\stdafx.obj
c:\users\임학규\desktop\xaigo\aigo\debug\dllmain.obj
c:\users\임학규\desktop\xaigo\aigo\debug\aigo.obj
c:\users\임학규\desktop\xaigo\debug\aigo.dll
c:\users\임학규\desktop\xaigo\debug\aigo.ilk
c:\users\임학규\desktop\xaigo\debug\aigo.pdb
c:\users\임학규\desktop\xaigo\aigo\debug\aigo.tlog\aigo.write.1u.tlog
c:\users\임학규\desktop\xaigo\aigo\debug\aigo.tlog\cl.command.1.tlog
c:\users\임학규\desktop\xaigo\aigo\debug\aigo.tlog\cl.read.1.tlog
c:\users\임학규\desktop\xaigo\aigo\debug\aigo.tlog\cl.write.1.tlog
c:\users\임학규\desktop\xaigo\aigo\debug\aigo.tlog\link.17908.delete.1.tlog
c:\users\임학규\desktop\xaigo\aigo\debug\aigo.tlog\link.18456.delete.1.tlog
c:\users\임학규\desktop\xaigo\aigo\debug\aigo.tlog\link.19144.delete.1.tlog
c:\users\임학규\desktop\xaigo\aigo\debug\aigo.tlog\link.24940.delete.1.tlog
c:\users\임학규\desktop\xaigo\aigo\debug\aigo.tlog\link.25112.delete.1.tlog
c:\users\임학규\desktop\xaigo\aigo\debug\aigo.tlog\link.28432.delete.1.tlog
c:\users\임학규\desktop\xaigo\aigo\debug\aigo.tlog\link.29052.delete.1.tlog
c:\users\임학규\desktop\xaigo\aigo\debug\aigo.tlog\link.29180.delete.1.tlog
c:\users\임학규\desktop\xaigo\aigo\debug\aigo.tlog\link.29580.delete.1.tlog
c:\users\임학규\desktop\xaigo\aigo\debug\aigo.tlog\link.32772.delete.1.tlog
c:\users\임학규\desktop\xaigo\aigo\debug\aigo.tlog\link.command.1.tlog
c:\users\임학규\desktop\xaigo\aigo\debug\aigo.tlog\link.delete.1.tlog
c:\users\임학규\desktop\xaigo\aigo\debug\aigo.tlog\link.read.1.tlog
c:\users\임학규\desktop\xaigo\aigo\debug\aigo.tlog\link.write.1.tlog
